<?xml version="1.0" encoding="UTF-8"?>
<testsuite name="com.bity.icp_candid.domain.model.CandidDictionaryTest" tests="8" skipped="0" failures="0" errors="0" timestamp="2024-07-22T15:48:09" hostname="Thomass-MBP" time="0.005">
  <properties/>
  <testcase name="[1] a, 97" classname="com.bity.icp_candid.domain.model.CandidDictionaryTest" time="0.001"/>
  <testcase name="[2] b, 98" classname="com.bity.icp_candid.domain.model.CandidDictionaryTest" time="0.0"/>
  <testcase name="[3] c, 99" classname="com.bity.icp_candid.domain.model.CandidDictionaryTest" time="0.0"/>
  <testcase name="[4] ab, 21729" classname="com.bity.icp_candid.domain.model.CandidDictionaryTest" time="0.0"/>
  <testcase name="[5] ba, 21951" classname="com.bity.icp_candid.domain.model.CandidDictionaryTest" time="0.0"/>
  <testcase name="[6] ac, 21730" classname="com.bity.icp_candid.domain.model.CandidDictionaryTest" time="0.0"/>
  <testcase name="[7] abcd %§±`~, 1687702841" classname="com.bity.icp_candid.domain.model.CandidDictionaryTest" time="0.0"/>
  <testcase name="[8] abcdabcdabcdabcdabcdabcdabcdabcdabcdabcdabcdabcdabcdabcdabcdabcdabcdabcdabcdabcdabcdabcdabcdabcdabcdabcdabcdabcdabcdabcdabcdabcdabcdabcdabcdabcdabcdabcdabcdabcdabcdabcdabcdabcdabcdabcdabcdabcdabcdabcdabcdabcdabcdabcdabcdabcdabcdabcdabcdabcdabcdabcdabcdabcdabcdabcdabcdabcdabcdabcdabcdabcdabcdabcdabcdabcdabcdabcdabcdabcdabcdabcdabcdabcdabcdabcdabcdabcdabcdabcdabcdabcdabcdabcdabcdabcdabcdabcdabcdabcdabcdabcdabcdabcdabcdabcdabcdabcdabcdabcdabcdabcdabcdabcdabcdabcdabcdabcdabcdabcdabcdabcdabcdabcdabcdabcdabcdabc…, 3277195728" classname="com.bity.icp_candid.domain.model.CandidDictionaryTest" time="0.001"/>
  <system-out><![CDATA[]]></system-out>
  <system-err><![CDATA[]]></system-err>
</testsuite>
