<?xml version="1.0" encoding="UTF-8"?>
<testsuite name="com.bity.icp_candid.CandidConversionTest" tests="39" skipped="0" failures="0" errors="0" timestamp="2024-07-22T15:48:09" hostname="Thomass-MBP" time="0.112">
  <properties/>
  <testcase name="[1] Null, [0, 1, 127]" classname="com.bity.icp_candid.CandidConversionTest" time="0.04"/>
  <testcase name="[2] com.bity.icp_candid.domain.model.CandidValue$Bool@2dcd168a, [0, 1, 126, 0]" classname="com.bity.icp_candid.CandidConversionTest" time="0.002"/>
  <testcase name="[3] com.bity.icp_candid.domain.model.CandidValue$Bool@2dcd168a, [0, 1, 126, 1]" classname="com.bity.icp_candid.CandidConversionTest" time="0.001"/>
  <testcase name="[4] com.bity.icp_candid.domain.model.CandidValue$Natural@2dcd168a, [0, 1, 125, 0]" classname="com.bity.icp_candid.CandidConversionTest" time="0.002"/>
  <testcase name="[5] com.bity.icp_candid.domain.model.CandidValue$Natural@2dcd168a, [0, 1, 125, 1]" classname="com.bity.icp_candid.CandidConversionTest" time="0.001"/>
  <testcase name="[6] com.bity.icp_candid.domain.model.CandidValue$Natural@2dcd168a, [0, 1, 125, -84, 2]" classname="com.bity.icp_candid.CandidConversionTest" time="0.0"/>
  <testcase name="[7] com.bity.icp_candid.domain.model.CandidValue$Integer@2dcd168a, [0, 1, 124, -1, 126]" classname="com.bity.icp_candid.CandidConversionTest" time="0.001"/>
  <testcase name="[8] com.bity.icp_candid.domain.model.CandidValue$Natural8@2dcd168a, [0, 1, 123, 5]" classname="com.bity.icp_candid.CandidConversionTest" time="0.002"/>
  <testcase name="[9] com.bity.icp_candid.domain.model.CandidValue$Natural16@2dcd168a, [0, 1, 122, 5, 0]" classname="com.bity.icp_candid.CandidConversionTest" time="0.002"/>
  <testcase name="[10] com.bity.icp_candid.domain.model.CandidValue$Natural32@2dcd168a, [0, 1, 121, 5, 0, 0, 0]" classname="com.bity.icp_candid.CandidConversionTest" time="0.001"/>
  <testcase name="[11] com.bity.icp_candid.domain.model.CandidValue$Natural64@2dcd168a, [0, 1, 120, 5, 0, 0, 0, 0, 0, 0, 0]" classname="com.bity.icp_candid.CandidConversionTest" time="0.002"/>
  <testcase name="[12] com.bity.icp_candid.domain.model.CandidValue$Integer8@2dcd168a, [0, 1, 119, -5]" classname="com.bity.icp_candid.CandidConversionTest" time="0.001"/>
  <testcase name="[13] com.bity.icp_candid.domain.model.CandidValue$Integer16@2dcd168a, [0, 1, 118, -5, -1]" classname="com.bity.icp_candid.CandidConversionTest" time="0.001"/>
  <testcase name="[14] com.bity.icp_candid.domain.model.CandidValue$Integer32@2dcd168a, [0, 1, 117, -5, -1, -1, -1]" classname="com.bity.icp_candid.CandidConversionTest" time="0.001"/>
  <testcase name="[15] com.bity.icp_candid.domain.model.CandidValue$Integer64@2dcd168a, [0, 1, 116, -5, -1, -1, -1, -1, -1, -1, -1]" classname="com.bity.icp_candid.CandidConversionTest" time="0.001"/>
  <testcase name="[16] com.bity.icp_candid.domain.model.CandidValue$Float32@2dcd168a, [0, 1, 115, 0, 0, 0, -65]" classname="com.bity.icp_candid.CandidConversionTest" time="0.003"/>
  <testcase name="[17] com.bity.icp_candid.domain.model.CandidValue$Float32@2dcd168a, [0, 1, 115, -90, -101, 68, -65]" classname="com.bity.icp_candid.CandidConversionTest" time="0.0"/>
  <testcase name="[18] com.bity.icp_candid.domain.model.CandidValue$Float64@2dcd168a, [0, 1, 114, -6, 126, 106, -68, 116, -109, -24, -65]" classname="com.bity.icp_candid.CandidConversionTest" time="0.003"/>
  <testcase name="[19] Reserved, [0, 1, 112]" classname="com.bity.icp_candid.CandidConversionTest" time="0.001"/>
  <testcase name="[20] Empty, [0, 1, 111]" classname="com.bity.icp_candid.CandidConversionTest" time="0.001"/>
  <testcase name="[21] com.bity.icp_candid.domain.model.CandidValue$Text@2dcd168a, [0, 1, 113, 1, 97]" classname="com.bity.icp_candid.CandidConversionTest" time="0.001"/>
  <testcase name="[22] com.bity.icp_candid.domain.model.CandidValue$Text@2dcd168a, [0, 1, 113, 5, 37, -62, -79, -62, -89]" classname="com.bity.icp_candid.CandidConversionTest" time="0.001"/>
  <testcase name="[23] com.bity.icp_candid.domain.model.CandidValue$Option@74bada02, [1, 110, 126, 1, 0, 0]" classname="com.bity.icp_candid.CandidConversionTest" time="0.002"/>
  <testcase name="[24] com.bity.icp_candid.domain.model.CandidValue$Option@74bada02, [1, 110, 126, 1, 0, 1, 1]" classname="com.bity.icp_candid.CandidConversionTest" time="0.0"/>
  <testcase name="[25] com.bity.icp_candid.domain.model.CandidValue$Vector@74bada02, [1, 109, 126, 1, 0, 0]" classname="com.bity.icp_candid.CandidConversionTest" time="0.001"/>
  <testcase name="[26] com.bity.icp_candid.domain.model.CandidValue$Vector@74bada02, [1, 109, 126, 1, 0, 2, 1, 0]" classname="com.bity.icp_candid.CandidConversionTest" time="0.0"/>
  <testcase name="[27] com.bity.icp_candid.domain.model.CandidValue$Blob@74bada02, [1, 109, 123, 1, 0, 0]" classname="com.bity.icp_candid.CandidConversionTest" time="0.001"/>
  <testcase name="[28] com.bity.icp_candid.domain.model.CandidValue$Blob@74bada02, [1, 109, 123, 1, 0, 2, 127, -128]" classname="com.bity.icp_candid.CandidConversionTest" time="0.001"/>
  <testcase name="[29] com.bity.icp_candid.domain.model.CandidValue$Record@2df6226d, [1, 108, 0, 1, 0]" classname="com.bity.icp_candid.CandidConversionTest" time="0.001"/>
  <testcase name="[30] com.bity.icp_candid.domain.model.CandidValue$Record@2df6226d, [1, 108, 1, 97, 111, 1, 0]" classname="com.bity.icp_candid.CandidConversionTest" time="0.0"/>
  <testcase name="[31] com.bity.icp_candid.domain.model.CandidValue$Record@2df6226d, [1, 108, 2, 97, 125, 98, 123, 1, 0, 1, 2]" classname="com.bity.icp_candid.CandidConversionTest" time="0.001"/>
  <testcase name="[32] com.bity.icp_candid.domain.model.CandidValue$Option@74bada02, [2, 109, 126, 110, 0, 1, 1, 1, 2, 1, 0]" classname="com.bity.icp_candid.CandidConversionTest" time="0.001"/>
  <testcase name="[33] com.bity.icp_candid.domain.model.CandidValue$Option@74bada02, [3, 109, 123, 109, 0, 110, 1, 1, 2, 1, 2, 0, 2, 127, -128]" classname="com.bity.icp_candid.CandidConversionTest" time="0.001"/>
  <testcase name="[34] com.bity.icp_candid.domain.model.CandidValue$Option@74bada02, [4, 109, 123, 109, 0, 108, 2, 97, 0, 98, 1, 110, 2, 1, 3, 1, 1, 68, 1, 2, 69, 71]" classname="com.bity.icp_candid.CandidConversionTest" time="0.001"/>
  <testcase name="[35] com.bity.icp_candid.domain.model.CandidValue$Variant@2df6226d, [2, 109, 123, 107, 3, 97, 126, 98, 123, 99, 0, 1, 1, 1, 15]" classname="com.bity.icp_candid.CandidConversionTest" time="0.001"/>
  <testcase name="[1] [], [0, 0]" classname="com.bity.icp_candid.CandidConversionTest" time="0.0"/>
  <testcase name="[2] [com.bity.icp_candid.domain.model.CandidValue$Natural8@2dcd168a, com.bity.icp_candid.domain.model.CandidValue$Natural8@2dcd168a, com.bity.icp_candid.domain.model.CandidValue$Natural8@2dcd168a], [0, 3, 123, 123, 123, 0, 1, 2]" classname="com.bity.icp_candid.CandidConversionTest" time="0.0"/>
  <testcase name="[3] [com.bity.icp_candid.domain.model.CandidValue$Natural8@2dcd168a, com.bity.icp_candid.domain.model.CandidValue$Natural16@2dcd168a, com.bity.icp_candid.domain.model.CandidValue$Natural8@2dcd168a], [0, 3, 123, 122, 123, 0, 2, 1, 2]" classname="com.bity.icp_candid.CandidConversionTest" time="0.0"/>
  <testcase name="[4] [com.bity.icp_candid.domain.model.CandidValue$Option@74bada02, com.bity.icp_candid.domain.model.CandidValue$Record@2df6226d], [4, 109, 123, 109, 0, 108, 2, 97, 0, 98, 1, 110, 2, 2, 3, 2, 1, 1, 68, 1, 2, 69, 71, 1, 67, 1, 2, 64, 65]" classname="com.bity.icp_candid.CandidConversionTest" time="0.001"/>
  <system-out><![CDATA[[[Null]]: expected 4449444c00017f, got 4449444c00017f
[[Bool]: false]: expected 4449444c00017e00, got 4449444c00017e00
[[Bool]: true]: expected 4449444c00017e01, got 4449444c00017e01
[[Natural]: 0]: expected 4449444c00017d00, got 4449444c00017d00
[[Natural]: 1]: expected 4449444c00017d01, got 4449444c00017d01
[[Natural]: 300]: expected 4449444c00017dac02, got 4449444c00017dac02
[[Integer]: -129]: expected 4449444c00017cff7e, got 4449444c00017cff7e
[[Natural8]: 5]: expected 4449444c00017b05, got 4449444c00017b05
[[Natural16]: 5]: expected 4449444c00017a0500, got 4449444c00017a0500
[[Natural32]: 5]: expected 4449444c00017905000000, got 4449444c00017905000000
[[Natural64]: 5]: expected 4449444c0001780500000000000000, got 4449444c0001780500000000000000
[[Integer8]: -5]: expected 4449444c000177fb, got 4449444c000177fb
[[Integer16]: -5]: expected 4449444c000176fbff, got 4449444c000176fbff
[[Integer32]:-5]: expected 4449444c000175fbffffff, got 4449444c000175fbffffff
[[Integer64]: -5]: expected 4449444c000174fbffffffffffffff, got 4449444c000174fbffffffffffffff
[[Float32]: -0.5]: expected 4449444c000173000000bf, got 4449444c000173000000bf
[[Float32]: -0.768]: expected 4449444c000173a69b44bf, got 4449444c000173a69b44bf
[[Float64]: -0.768]: expected 4449444c000172fa7e6abc7493e8bf, got 4449444c000172fa7e6abc7493e8bf
[[Reserved]]: expected 4449444c000170, got 4449444c000170
[[Empty]]: expected 4449444c00016f, got 4449444c00016f
[[Text]: a]: expected 4449444c0001710161, got 4449444c0001710161
[[Text]: %±§]: expected 4449444c0001710525c2b1c2a7, got 4449444c0001710525c2b1c2a7
[[Option]]: expected 4449444c016e7e010000, got 4449444c016e7e010000
[[Option]]: expected 4449444c016e7e01000101, got 4449444c016e7e01000101
[[Vector]]: expected 4449444c016d7e010000, got 4449444c016d7e010000
[[Vector]]: expected 4449444c016d7e0100020100, got 4449444c016d7e0100020100
[[Blob]: ]: expected 4449444c016d7b010000, got 4449444c016d7b010000
[[Blob]: 7f80]: expected 4449444c016d7b0100027f80, got 4449444c016d7b0100027f80
[[Record]: {}]: expected 4449444c016c000100, got 4449444c016c000100
[[Record]: {97=Empty}]: expected 4449444c016c01616f0100, got 4449444c016c01616f0100
[[Record]: {97=com.bity.icp_candid.domain.model.CandidValue$Natural@2dcd168a, 98=com.bity.icp_candid.domain.model.CandidValue$Natural8@2dcd168a}]: expected 4449444c016c02617d627b01000102, got 4449444c016c02617d627b01000102
[[Option]]: expected 4449444c026d7e6e00010101020100, got 4449444c026d7e6e00010101020100
[[Option]]: expected 4449444c036d7b6d006e010102010200027f80, got 4449444c036d7b6d006e010102010200027f80
[[Option]]: expected 4449444c046d7b6d006c02610062016e02010301014401024547, got 4449444c046d7b6d006c02610062016e02010301014401024547
[[Variant]]: expected 4449444c026d7b6b03617e627b63000101010f, got 4449444c026d7b6b03617e627b63000101010f
]]></system-out>
  <system-err><![CDATA[]]></system-err>
</testsuite>
