<?xml version="1.0" encoding="UTF-8"?>
<testsuite name="com.bity.icp_candid.domain.model.CandidOptionTest" tests="1" skipped="0" failures="0" errors="0" timestamp="2024-07-22T15:48:09" hostname="Thomass-MBP" time="0.0">
  <properties/>
  <testcase name="[1] com.bity.icp_candid.domain.model.CandidOption$None@2dcd168a, com.bity.icp_candid.domain.model.CandidOption$None@2dcd168a" classname="com.bity.icp_candid.domain.model.CandidOptionTest" time="0.0"/>
  <system-out><![CDATA[]]></system-out>
  <system-err><![CDATA[]]></system-err>
</testsuite>
