<?xml version="1.0" encoding="UTF-8"?>
<testsuite name="com.bity.icp_candid.domain.model.CandidVectorTest" tests="9" skipped="0" failures="0" errors="0" timestamp="2024-07-22T15:48:09" hostname="Thomass-MBP" time="0.005">
  <properties/>
  <testcase name="constructor with Function type and sequence()" classname="com.bity.icp_candid.domain.model.CandidVectorTest" time="0.001"/>
  <testcase name="constructor with KeyedContainer type and sequence()" classname="com.bity.icp_candid.domain.model.CandidVectorTest" time="0.001"/>
  <testcase name="constructor with wrong Container type and sequence()" classname="com.bity.icp_candid.domain.model.CandidVectorTest" time="0.001"/>
  <testcase name="constructor with wrong KeyedContainer type and sequence()" classname="com.bity.icp_candid.domain.model.CandidVectorTest" time="0.0"/>
  <testcase name="constructor with wrong Function type and sequence()" classname="com.bity.icp_candid.domain.model.CandidVectorTest" time="0.0"/>
  <testcase name="constructor with type and sequence()" classname="com.bity.icp_candid.domain.model.CandidVectorTest" time="0.0"/>
  <testcase name="constructor with KeyedContainer type different dictionary()" classname="com.bity.icp_candid.domain.model.CandidVectorTest" time="0.001"/>
  <testcase name="constructor with Container type and sequence()" classname="com.bity.icp_candid.domain.model.CandidVectorTest" time="0.0"/>
  <testcase name="constructor with wrong candid type()" classname="com.bity.icp_candid.domain.model.CandidVectorTest" time="0.0"/>
  <system-out><![CDATA[]]></system-out>
  <system-err><![CDATA[]]></system-err>
</testsuite>
